<?xml version="1.0" encoding="UTF-8"?>
<!-- Generated by org.testng.reporters.JUnitXMLReporter -->
<testsuite ignored="0" hostname="DESKTOP-2R1P9IO" failures="0" tests="2" name="Default test" time="21.066" errors="0" timestamp="05 Mar 2020 15:28:13 GMT">
  <testcase classname="com.OrangeHRM.Testcases.EmployeeListTest" name="verifyemployeelistpageTest" time="0.193"/>
  <testcase classname="com.OrangeHRM.Testcases.EmployeeListTest" name="addNewEmployeeTest" time="0.0">
    <skipped/>
  </testcase> <!-- addNewEmployeeTest -->
</testsuite> <!-- Default test -->
